<?xml version="1.0" encoding="UTF-8"?>
<!-- Generated by org.testng.reporters.JUnitXMLReporter -->
<testsuite ignored="2" hostname="svr00avd077" failures="0" tests="2" name="Tests" time="16.103" errors="0" timestamp="2026-07-07T15:49:59 IST">
  <testcase classname="com.tmb.tests.LoginTest" name="ValidLoginTest" time="6.539"/>
  <testcase classname="com.tmb.tests.DomainCreationTest" name="CreateDomain" time="4.022"/>
  <testcase classname="com.tmb.tests.BaseTest" name="@AfterSuite globalTearDown" time="0.0">
    <ignored/>
  </testcase> <!-- @AfterSuite globalTearDown -->
  <testcase classname="com.tmb.tests.BaseTest" name="@AfterSuite globalTearDown" time="0.0">
    <ignored/>
  </testcase> <!-- @AfterSuite globalTearDown -->
</testsuite> <!-- Tests -->
