<?xml version="1.0" encoding="UTF-8"?>
<!-- Generated by org.testng.reporters.JUnitXMLReporter -->
<testsuite ignored="2" hostname="svr00avd077" failures="0" tests="2" name="Tests" time="12.54" errors="0" timestamp="2026-07-06T12:58:51 IST">
  <testcase classname="com.tmb.tests.LoginTest" name="ValidLoginTest" time="5.849"/>
  <testcase classname="com.tmb.tests.DomainCreationTest" name="CreateDomain" time="3.964"/>
  <testcase classname="com.tmb.tests.BaseTest" name="@AfterSuite globalTearDown" time="0.0">
    <ignored/>
  </testcase> <!-- @AfterSuite globalTearDown -->
  <testcase classname="com.tmb.tests.BaseTest" name="@AfterSuite globalTearDown" time="0.0">
    <ignored/>
  </testcase> <!-- @AfterSuite globalTearDown -->
</testsuite> <!-- Tests -->
