<?xml version="1.0" encoding="UTF-8"?>
<testng-results ignored="0" total="2" passed="2" failed="0" skipped="0">
  <reporter-output>
  </reporter-output>
  <suite started-at="2026-07-07T15:49:43 IST" name="Suite" finished-at="2026-07-07T15:49:59 IST" duration-ms="16103">
    <groups>
    </groups>
    <test started-at="2026-07-07T15:49:43 IST" name="Tests" finished-at="2026-07-07T15:49:59 IST" duration-ms="16103">
      <class name="com.tmb.tests.LoginTest">
        <test-method is-config="true" signature="setUp([Ljava.lang.Object;)[pri:0, instance:com.tmb.tests.LoginTest@3b65e559]" started-at="2026-07-07T15:49:43 IST" name="setUp" finished-at="2026-07-07T15:49:49 IST" duration-ms="5249" status="PASS">
          <params>
            <param index="0">
              <value>
                <![CDATA[[Ljava.lang.Object;@c4d2c44]]>
              </value>
            </param>
          </params>
          <reporter-output>
          </reporter-output>
        </test-method> <!-- setUp -->
        <test-method signature="ValidLoginTest(java.util.Map)[pri:1, instance:com.tmb.tests.LoginTest@3b65e559]" started-at="2026-07-07T15:49:49 IST" name="ValidLoginTest" description="TC_002_Validate the User Login with Valid Username &amp; Password" data-provider="testdata" finished-at="2026-07-07T15:49:55 IST" duration-ms="6539" status="PASS">
          <params>
            <param index="0">
              <value>
                <![CDATA[{TestMethodName=ValidLoginTest, ExecuteConfirmation=yes, Username=admin, Priority=1, InvocationCount=1, TC-ID=TC_002, TestCaseName=Validate the User Login with Valid Username & Password, Domain Description=-, Browser=chrome, Password=QWRtaW5AMTIz, Domain Name=-}]]>
              </value>
            </param>
          </params>
          <reporter-output>
          </reporter-output>
        </test-method> <!-- ValidLoginTest -->
      </class> <!-- com.tmb.tests.LoginTest -->
      <class name="com.tmb.tests.LoginPageElementVerification">
        <test-method is-config="true" signature="globalTearDown()[pri:0, instance:com.tmb.tests.LoginPageElementVerification@4201a617]" started-at="2026-07-07T15:49:59 IST" name="globalTearDown" finished-at="2026-07-07T15:50:04 IST" duration-ms="5034" status="PASS">
          <reporter-output>
          </reporter-output>
        </test-method> <!-- globalTearDown -->
      </class> <!-- com.tmb.tests.LoginPageElementVerification -->
      <class name="com.tmb.tests.DomainCreationTest">
        <test-method is-config="true" signature="setUp([Ljava.lang.Object;)[pri:0, instance:com.tmb.tests.DomainCreationTest@74a9c4b0]" started-at="2026-07-07T15:49:55 IST" name="setUp" finished-at="2026-07-07T15:49:55 IST" duration-ms="1" status="PASS">
          <params>
            <param index="0">
              <value>
                <![CDATA[[Ljava.lang.Object;@13866329]]>
              </value>
            </param>
          </params>
          <reporter-output>
          </reporter-output>
        </test-method> <!-- setUp -->
        <test-method signature="CreateDomain(java.util.Map)[pri:1, instance:com.tmb.tests.DomainCreationTest@74a9c4b0]" started-at="2026-07-07T15:49:55 IST" name="CreateDomain" description="TC_007_Validate Domain Creation" data-provider="testdata" finished-at="2026-07-07T15:49:59 IST" duration-ms="4022" status="PASS">
          <params>
            <param index="0">
              <value>
                <![CDATA[{TestMethodName=CreateDomain, ExecuteConfirmation=yes, Username=-, Priority=1, InvocationCount=1, TC-ID=TC_007, TestCaseName=Validate Domain Creation, Domain Description=Testing Domain Creation via Automation, Browser=chrome, Password=-, Domain Name=Unloading}]]>
              </value>
            </param>
          </params>
          <reporter-output>
          </reporter-output>
        </test-method> <!-- CreateDomain -->
      </class> <!-- com.tmb.tests.DomainCreationTest -->
    </test> <!-- Tests -->
  </suite> <!-- Suite -->
</testng-results>
