<?xml version="1.0" encoding="UTF-8"?>
<!-- Generated by org.testng.reporters.JUnitReportReporter -->
<testsuite hostname="svr00avd077" failures="0" tests="2" name="com.tmb.tests.LoginPageTest" time="10.291" errors="0" timestamp="2026-06-29T19:35:20 IST" skipped="0">
  <testcase classname="com.tmb.tests.LoginPageTest" name="textAndElementVerification" time="3.866"/>
  <testcase classname="com.tmb.tests.LoginPageTest" name="ValidLoginTest" time="6.425"/>
</testsuite> <!-- com.tmb.tests.LoginPageTest -->
