<?xml version="1.0" encoding="UTF-8"?>
<!-- Generated by org.testng.reporters.JUnitReportReporter -->
<testsuite hostname="svr00avd077" failures="0" tests="10" name="com.tmb.dataprovider.DataProviderUtil" time="0.038" errors="0" timestamp="2026-03-15T00:43:41 IST" skipped="0">
  <testcase classname="com.tmb.dataprovider.DataProviderUtil" name="test" time="0.002"/>
  <testcase classname="com.tmb.dataprovider.DataProviderUtil" name="test" time="0.004"/>
  <testcase classname="com.tmb.dataprovider.DataProviderUtil" name="test" time="0.002"/>
  <testcase classname="com.tmb.dataprovider.DataProviderUtil" name="test" time="0.009"/>
  <testcase classname="com.tmb.dataprovider.DataProviderUtil" name="test" time="0.002"/>
  <testcase classname="com.tmb.dataprovider.DataProviderUtil" name="test" time="0.004"/>
  <testcase classname="com.tmb.dataprovider.DataProviderUtil" name="test" time="0.010"/>
  <testcase classname="com.tmb.dataprovider.DataProviderUtil" name="test" time="0.002"/>
  <testcase classname="com.tmb.dataprovider.DataProviderUtil" name="test" time="0.001"/>
  <testcase classname="com.tmb.dataprovider.DataProviderUtil" name="test" time="0.002"/>
</testsuite> <!-- com.tmb.dataprovider.DataProviderUtil -->
