<?xml version="1.0" encoding="UTF-8"?>
<!-- Generated by org.testng.reporters.JUnitReportReporter -->
<testsuite hostname="svr00avd077" failures="0" tests="4" name="com.tmb.tests.LoginTest_HRM" time="40.081" errors="0" timestamp="2026-06-01T15:56:23 IST" skipped="0">
  <testcase classname="com.tmb.tests.LoginTest_HRM" name="validloginTest" time="13.705"/>
  <testcase classname="com.tmb.tests.LoginTest_HRM" name="inValidloginTest1" time="9.262"/>
  <testcase classname="com.tmb.tests.LoginTest_HRM" name="inValidloginTest2" time="8.604"/>
  <testcase classname="com.tmb.tests.LoginTest_HRM" name="inValidloginTest3" time="8.510"/>
</testsuite> <!-- com.tmb.tests.LoginTest_HRM -->
